0 info it worked if it ends with ok
1 verbose cli [ 'C:\\Program Files\\nodejs\\node.exe',
1 verbose cli   'C:\\Program Files\\nodejs\\node_modules\\npm\\bin\\npm-cli.js',
1 verbose cli   'start' ]
2 info using npm@3.10.10
3 info using node@v6.9.5
4 verbose run-script [ 'prestart', 'start', 'poststart' ]
5 info lifecycle pitstop@0.0.1~prestart: pitstop@0.0.1
6 silly lifecycle pitstop@0.0.1~prestart: no script for prestart, continuing
7 info lifecycle pitstop@0.0.1~start: pitstop@0.0.1
8 verbose lifecycle pitstop@0.0.1~start: unsafe-perm in lifecycle true
9 verbose lifecycle pitstop@0.0.1~start: PATH: C:\Program Files\nodejs\node_modules\npm\bin\node-gyp-bin;C:\Users\sant1\docs\Universities\Northwestern\Courses\Q2\EECS 330 - Human Computer Interaction\Assignments\pitStop\node_modules\.bin;C:\ProgramData\Oracle\Java\javapath;C:\Program Files (x86)\Intel\iCLS Client\;C:\Program Files\Intel\iCLS Client\;C:\WINDOWS\system32;C:\WINDOWS;C:\WINDOWS\System32\Wbem;C:\WINDOWS\System32\WindowsPowerShell\v1.0\;C:\Users\sant1\.dnx\bin;C:\Program Files\Microsoft DNX\Dnvm\;C:\Program Files\Microsoft SQL Server\130\Tools\Binn\;C:\Program Files\MySQL\MySQL Utilities 1.6\;c:\Program Files\Intel\WiFi\bin\;c:\Program Files\Common Files\Intel\WirelessCommon\;C:\Program Files (x86)\Intel\Intel(R) Management Engine Components\DAL;C:\Program Files\Intel\Intel(R) Management Engine Components\DAL;C:\Program Files (x86)\Intel\Intel(R) Management Engine Components\IPT;C:\Program Files\Intel\Intel(R) Management Engine Components\IPT;C:\Program Files\Git\cmd;C:\Program Files\nodejs\;C:\Users\sant1\Anaconda2;C:\Users\sant1\Anaconda2\Scripts;C:\Users\sant1\Anaconda2\Library\bin;C:\Users\sant1\AppData\Local\Microsoft\WindowsApps;c:\Program Files\Intel\WiFi\bin\;c:\Program Files\Common Files\Intel\WirelessCommon\;C:\Python27;C:\softwares\platform-tools-latest-windows\platform-tools;C:\Users\sant1\AppData\Roaming\npm
10 verbose lifecycle pitstop@0.0.1~start: CWD: C:\Users\sant1\docs\Universities\Northwestern\Courses\Q2\EECS 330 - Human Computer Interaction\Assignments\pitStop
11 silly lifecycle pitstop@0.0.1~start: Args: [ '/d /s /c', 'webpack-dev-server --progress --colors' ]
12 silly lifecycle pitstop@0.0.1~start: Returned: code: 3221225786  signal: null
13 info lifecycle pitstop@0.0.1~start: Failed to exec start script
14 verbose stack Error: pitstop@0.0.1 start: `webpack-dev-server --progress --colors`
14 verbose stack Exit status 3221225786
14 verbose stack     at EventEmitter.<anonymous> (C:\Program Files\nodejs\node_modules\npm\lib\utils\lifecycle.js:255:16)
14 verbose stack     at emitTwo (events.js:106:13)
14 verbose stack     at EventEmitter.emit (events.js:191:7)
14 verbose stack     at ChildProcess.<anonymous> (C:\Program Files\nodejs\node_modules\npm\lib\utils\spawn.js:40:14)
14 verbose stack     at emitTwo (events.js:106:13)
14 verbose stack     at ChildProcess.emit (events.js:191:7)
14 verbose stack     at maybeClose (internal/child_process.js:877:16)
14 verbose stack     at Process.ChildProcess._handle.onexit (internal/child_process.js:226:5)
15 verbose pkgid pitstop@0.0.1
16 verbose cwd C:\Users\sant1\docs\Universities\Northwestern\Courses\Q2\EECS 330 - Human Computer Interaction\Assignments\pitStop
17 error Windows_NT 10.0.14393
18 error argv "C:\\Program Files\\nodejs\\node.exe" "C:\\Program Files\\nodejs\\node_modules\\npm\\bin\\npm-cli.js" "start"
19 error node v6.9.5
20 error npm  v3.10.10
21 error code ELIFECYCLE
22 error pitstop@0.0.1 start: `webpack-dev-server --progress --colors`
22 error Exit status 3221225786
23 error Failed at the pitstop@0.0.1 start script 'webpack-dev-server --progress --colors'.
23 error Make sure you have the latest version of node.js and npm installed.
23 error If you do, this is most likely a problem with the pitstop package,
23 error not with npm itself.
23 error Tell the author that this fails on your system:
23 error     webpack-dev-server --progress --colors
23 error You can get information on how to open an issue for this project with:
23 error     npm bugs pitstop
23 error Or if that isn't available, you can get their info via:
23 error     npm owner ls pitstop
23 error There is likely additional logging output above.
24 verbose exit [ 1, true ]
